D:\USERS\PAKULKARNI\DOCUMENTS\VISUAL STUDIO 2012\PROJECTS\OO_GL\PGL\DEBUG\PGL_CAMERA.OBJ
D:\USERS\PAKULKARNI\DOCUMENTS\VISUAL STUDIO 2012\PROJECTS\OO_GL\PGL\DEBUG\PGL_LIGHTING_TECHNIQUE.OBJ
D:\USERS\PAKULKARNI\DOCUMENTS\VISUAL STUDIO 2012\PROJECTS\OO_GL\PGL\DEBUG\PGL_MAIN.OBJ
D:\USERS\PAKULKARNI\DOCUMENTS\VISUAL STUDIO 2012\PROJECTS\OO_GL\PGL\DEBUG\PGL_MATHS.OBJ
D:\USERS\PAKULKARNI\DOCUMENTS\VISUAL STUDIO 2012\PROJECTS\OO_GL\PGL\DEBUG\PGL_MESH.OBJ
D:\USERS\PAKULKARNI\DOCUMENTS\VISUAL STUDIO 2012\PROJECTS\OO_GL\PGL\DEBUG\PGL_OGL.OBJ
D:\USERS\PAKULKARNI\DOCUMENTS\VISUAL STUDIO 2012\PROJECTS\OO_GL\PGL\DEBUG\PGL_TECHNIQUES.OBJ
D:\USERS\PAKULKARNI\DOCUMENTS\VISUAL STUDIO 2012\PROJECTS\OO_GL\PGL\DEBUG\PGL_TERRAIN_TECHNIQUE.OBJ
D:\USERS\PAKULKARNI\DOCUMENTS\VISUAL STUDIO 2012\PROJECTS\OO_GL\PGL\DEBUG\PGL_TEXTURE.OBJ
D:\USERS\PAKULKARNI\DOCUMENTS\VISUAL STUDIO 2012\PROJECTS\OO_GL\PGL\DEBUG\PGL_TRANSFORMATIONS.OBJ
D:\USERS\PAKULKARNI\DOCUMENTS\VISUAL STUDIO 2012\PROJECTS\OO_GL\PGL\DEBUG\PGL_UTILITY.OBJ
D:\USERS\PAKULKARNI\DOCUMENTS\VISUAL STUDIO 2012\PROJECTS\OO_GL\PGL\DEBUG\VC110.PDB
D:\USERS\PAKULKARNI\DOCUMENTS\VISUAL STUDIO 2012\PROJECTS\OO_GL\DEBUG\PGL.ILK
D:\USERS\PAKULKARNI\DOCUMENTS\VISUAL STUDIO 2012\PROJECTS\OO_GL\DEBUG\PGL.EXE
D:\USERS\PAKULKARNI\DOCUMENTS\VISUAL STUDIO 2012\PROJECTS\OO_GL\DEBUG\PGL.PDB
D:\Users\pakulkarni\Google Drive\OO_GL\PGL\Debug\pgl_camera.obj
D:\Users\pakulkarni\Google Drive\OO_GL\PGL\Debug\pgl_lighting_technique.obj
D:\Users\pakulkarni\Google Drive\OO_GL\PGL\Debug\pgl_main.obj
D:\Users\pakulkarni\Google Drive\OO_GL\PGL\Debug\pgl_maths.obj
D:\Users\pakulkarni\Google Drive\OO_GL\PGL\Debug\pgl_mesh.obj
D:\Users\pakulkarni\Google Drive\OO_GL\PGL\Debug\pgl_ogl.obj
D:\Users\pakulkarni\Google Drive\OO_GL\PGL\Debug\pgl_techniques.obj
D:\Users\pakulkarni\Google Drive\OO_GL\PGL\Debug\pgl_terrain_technique.obj
D:\Users\pakulkarni\Google Drive\OO_GL\PGL\Debug\pgl_texture.obj
D:\Users\pakulkarni\Google Drive\OO_GL\PGL\Debug\pgl_transformations.obj
D:\Users\pakulkarni\Google Drive\OO_GL\PGL\Debug\pgl_utility.obj
D:\Users\pakulkarni\Google Drive\OO_GL\PGL\Debug\cl.command.1.tlog
D:\Users\pakulkarni\Google Drive\OO_GL\PGL\Debug\CL.read.1.tlog
D:\Users\pakulkarni\Google Drive\OO_GL\PGL\Debug\CL.write.1.tlog
D:\Users\pakulkarni\Google Drive\OO_GL\PGL\Debug\link-cvtres.read.1.tlog
D:\Users\pakulkarni\Google Drive\OO_GL\PGL\Debug\link-cvtres.write.1.tlog
D:\Users\pakulkarni\Google Drive\OO_GL\PGL\Debug\link-rc.read.1.tlog
D:\Users\pakulkarni\Google Drive\OO_GL\PGL\Debug\link-rc.write.1.tlog
D:\Users\pakulkarni\Google Drive\OO_GL\PGL\Debug\link.command.1.tlog
D:\Users\pakulkarni\Google Drive\OO_GL\PGL\Debug\link.read.1.tlog
D:\Users\pakulkarni\Google Drive\OO_GL\PGL\Debug\link.write.1.tlog
D:\Users\pakulkarni\Google Drive\OO_GL\PGL\Debug\vc110.idb
D:\Users\pakulkarni\Google Drive\OO_GL\PGL\Debug\vc110.pdb
D:\Users\pakulkarni\Google Drive\OO_GL\Debug\PGL.pdb
D:\Users\pakulkarni\Google Drive\OO_GL\Debug\PGL.exe
D:\Users\pakulkarni\Google Drive\OO_GL\Debug\PGL.ilk
